2024-11-26 15:38:00,071 - __main__ - INFO - Getting weather data for New York
2024-11-26 15:38:00,071 - __main__ - INFO - Getting weather data for New York
2024-11-26 15:38:00,071 - __main__ - INFO - Getting weather data for New York
2024-11-26 15:38:00,071 - __main__ - INFO - Getting weather data for New York
2024-11-26 15:38:01,001 - __main__ - INFO - Getting weather data for Los Angeles
2024-11-26 15:38:01,001 - __main__ - INFO - Getting weather data for Los Angeles
2024-11-26 15:38:01,001 - __main__ - INFO - Getting weather data for Los Angeles
2024-11-26 15:38:01,001 - __main__ - INFO - Getting weather data for Los Angeles
2024-11-26 15:38:01,652 - __main__ - INFO - Getting weather data for Chicago
2024-11-26 15:38:01,652 - __main__ - INFO - Getting weather data for Chicago
2024-11-26 15:38:01,652 - __main__ - INFO - Getting weather data for Chicago
2024-11-26 15:38:01,652 - __main__ - INFO - Getting weather data for Chicago
2024-11-26 15:38:02,269 - __main__ - INFO - Getting weather data for Houston
2024-11-26 15:38:02,269 - __main__ - INFO - Getting weather data for Houston
2024-11-26 15:38:02,269 - __main__ - INFO - Getting weather data for Houston
2024-11-26 15:38:02,269 - __main__ - INFO - Getting weather data for Houston
2024-11-26 15:38:05,184 - __main__ - INFO - Getting weather data for Phoenix
2024-11-26 15:38:05,184 - __main__ - INFO - Getting weather data for Phoenix
2024-11-26 15:38:05,184 - __main__ - INFO - Getting weather data for Phoenix
2024-11-26 15:38:05,184 - __main__ - INFO - Getting weather data for Phoenix
